{
  "RSpec": {
    "coverage": {
      "/api/app/models/transaction.rb": {
        "lines": [
          1,
          1,
          1,
          1,
          null
        ]
      },
      "/api/app/models/application_record.rb": {
        "lines": [
          1,
          1,
          null
        ]
      },
      "/api/app/controllers/api/v1/transactions_controller.rb": {
        "lines": [
          1,
          1,
          1,
          1,
          3,
          2,
          null,
          null,
          1,
          3,
          3,
          2,
          null,
          null,
          null,
          1,
          null,
          1,
          3,
          null,
          null,
          1,
          3,
          null,
          null,
          null,
          null
        ]
      },
      "/api/app/controllers/application_controller.rb": {
        "lines": [
          1,
          1,
          null
        ]
      },
      "/api/app/controllers/concerns/exception_handler.rb": {
        "lines": [
          1,
          1,
          null,
          1,
          1,
          2,
          null,
          null,
          null
        ]
      }
    },
    "timestamp": 1719894316
  }
}
